<?xml version="1.0" encoding="UTF-8"?>
<testsuite xmlns:xsi="http://www.w3.org/2001/XMLSchema-instance" xsi:noNamespaceSchemaLocation="https://maven.apache.org/surefire/maven-surefire-plugin/xsd/surefire-test-report.xsd" name="com.converter.converter.auth.UserServiceTest" time="2.45" tests="14" errors="0" skipped="0" failures="1">
  <properties>
[...]
</properties>
  <testcase name="saveNewUserTest" classname="com.converter.converter.auth.UserServiceTest" time="0.589">
    <failure message="expected: &lt;12&gt; but was: &lt;11&gt;" type="org.opentest4j.AssertionFailedError"><![CDATA[org.opentest4j.AssertionFailedError: expected: <12> but was: <11>
	at com.converter.converter.auth.UserServiceTest.saveNewUserTest(UserServiceTest.java:192)
]]></failure>
    <system-out><![CDATA[2022-06-10 17:47:57.333 [main] INFO  o.s.b.t.context.SpringBootTestContextBootstrapper - Neither @ContextConfiguration nor @ContextHierarchy found for test class [com.converter.converter.auth.UserServiceTest], using SpringBootContextLoader
2022-06-10 17:47:57.333 [main] INFO  o.s.test.context.support.AbstractContextLoader - Could not detect default resource locations for test class [com.converter.converter.auth.UserServiceTest]: no resource found for suffixes {-context.xml, Context.groovy}.
2022-06-10 17:47:57.333 [main] INFO  o.s.t.c.support.AnnotationConfigContextLoaderUtils - Could not detect default configuration classes for test class [com.converter.converter.auth.UserServiceTest]: UserServiceTest does not declare any static, non-private, non-final, nested classes annotated with @Configuration.
2022-06-10 17:47:57.334 [main] INFO  o.s.b.t.context.SpringBootTestContextBootstrapper - Found @SpringBootConfiguration com.converter.converter.auth.AuthenticationApplication for test class com.converter.converter.auth.UserServiceTest
2022-06-10 17:47:57.334 [main] INFO  o.s.b.t.context.SpringBootTestContextBootstrapper - Loaded default TestExecutionListener class names from location [META-INF/spring.factories]: [org.springframework.boot.test.mock.mockito.MockitoTestExecutionListener, org.springframework.boot.test.mock.mockito.ResetMocksTestExecutionListener, org.springframework.boot.test.autoconfigure.restdocs.RestDocsTestExecutionListener, org.springframework.boot.test.autoconfigure.web.client.MockRestServiceServerResetTestExecutionListener, org.springframework.boot.test.autoconfigure.web.servlet.MockMvcPrintOnlyOnFailureTestExecutionListener, org.springframework.boot.test.autoconfigure.web.servlet.WebDriverTestExecutionListener, org.springframework.boot.test.autoconfigure.webservices.client.MockWebServiceServerTestExecutionListener, org.springframework.test.context.web.ServletTestExecutionListener, org.springframework.test.context.support.DirtiesContextBeforeModesTestExecutionListener, org.springframework.test.context.event.ApplicationEventsTestExecutionListener, org.springframework.test.context.support.DependencyInjectionTestExecutionListener, org.springframework.test.context.support.DirtiesContextTestExecutionListener, org.springframework.test.context.transaction.TransactionalTestExecutionListener, org.springframework.test.context.jdbc.SqlScriptsTestExecutionListener, org.springframework.test.context.event.EventPublishingTestExecutionListener]
2022-06-10 17:47:57.335 [main] INFO  o.s.b.t.context.SpringBootTestContextBootstrapper - Using TestExecutionListeners: [org.springframework.test.context.web.ServletTestExecutionListener@1ae2028d, org.springframework.test.context.support.DirtiesContextBeforeModesTestExecutionListener@259ae1a9, org.springframework.test.context.event.ApplicationEventsTestExecutionListener@d082916, org.springframework.boot.test.mock.mockito.MockitoTestExecutionListener@67201002, org.springframework.boot.test.autoconfigure.SpringBootDependencyInjectionTestExecutionListener@6ddc9001, org.springframework.test.context.support.DirtiesContextTestExecutionListener@1f39b3ba, org.springframework.test.context.transaction.TransactionalTestExecutionListener@53b579d2, org.springframework.test.context.jdbc.SqlScriptsTestExecutionListener@34f2d3a6, org.springframework.test.context.event.EventPublishingTestExecutionListener@3da701a1, org.springframework.boot.test.mock.mockito.ResetMocksTestExecutionListener@6f51d1cc, org.springframework.boot.test.autoconfigure.restdocs.RestDocsTestExecutionListener@17d25e1d, org.springframework.boot.test.autoconfigure.web.client.MockRestServiceServerResetTestExecutionListener@359fd0a2, org.springframework.boot.test.autoconfigure.web.servlet.MockMvcPrintOnlyOnFailureTestExecutionListener@30b075b9, org.springframework.boot.test.autoconfigure.web.servlet.WebDriverTestExecutionListener@510e0dd2, org.springframework.boot.test.autoconfigure.webservices.client.MockWebServiceServerTestExecutionListener@54a98358]
2022-06-10 17:47:57.362 [main] INFO  o.s.test.context.transaction.TransactionContext - Began transaction (1) for test context [DefaultTestContext@156d7556 testClass = UserServiceTest, testInstance = com.converter.converter.auth.UserServiceTest@531bfe4b, testMethod = saveNewUserTest@UserServiceTest, testException = [null], mergedContextConfiguration = [WebMergedContextConfiguration@2c8f7d6a testClass = UserServiceTest, locations = '{}', classes = '{class com.converter.converter.auth.AuthenticationApplication}', contextInitializerClasses = '[]', activeProfiles = '{}', propertySourceLocations = '{}', propertySourceProperties = '{org.springframework.boot.test.context.SpringBootTestContextBootstrapper=true}', contextCustomizers = set[org.springframework.boot.test.context.filter.ExcludeFilterContextCustomizer@329dbdbf, org.springframework.boot.test.json.DuplicateJsonObjectContextCustomizerFactory$DuplicateJsonObjectContextCustomizer@4ef782af, org.springframework.boot.test.mock.mockito.MockitoContextCustomizer@0, org.springframework.boot.test.web.client.TestRestTemplateContextCustomizer@48c76607, org.springframework.boot.test.autoconfigure.actuate.metrics.MetricsExportContextCustomizerFactory$DisableMetricExportContextCustomizer@26df6e3a, org.springframework.boot.test.autoconfigure.properties.PropertyMappingContextCustomizer@0, org.springframework.boot.test.autoconfigure.web.servlet.WebDriverContextCustomizerFactory$Customizer@14008db3, org.springframework.boot.test.context.SpringBootTestArgs@1, org.springframework.boot.test.context.SpringBootTestWebEnvironment@59906517], resourceBasePath = 'src/main/webapp', contextLoader = 'org.springframework.boot.test.context.SpringBootContextLoader', parent = [null]], attributes = map['org.springframework.test.context.web.ServletTestExecutionListener.activateListener' -> true, 'org.springframework.test.context.web.ServletTestExecutionListener.populatedRequestContextHolder' -> true, 'org.springframework.test.context.web.ServletTestExecutionListener.resetRequestContextHolder' -> true, 'org.springframework.test.context.event.ApplicationEventsTestExecutionListener.recordApplicationEvents' -> false]]; transaction manager [org.springframework.orm.jpa.JpaTransactionManager@76673ed]; rollback [true]
2022-06-10 17:47:57.812 [main] INFO  c.converter.converter.auth.service.UserServiceImpl - Start_Method_deleteUserByIdAndLogin(user)
2022-06-10 17:47:57.849 [main] INFO  c.converter.converter.auth.service.UserServiceImpl - Start_Method_findAll
2022-06-10 17:47:57.941 [main] INFO  o.s.test.context.transaction.TransactionContext - Rolled back transaction for test: [DefaultTestContext@156d7556 testClass = UserServiceTest, testInstance = com.converter.converter.auth.UserServiceTest@531bfe4b, testMethod = saveNewUserTest@UserServiceTest, testException = org.opentest4j.AssertionFailedError: expected: <12> but was: <11>, mergedContextConfiguration = [WebMergedContextConfiguration@2c8f7d6a testClass = UserServiceTest, locations = '{}', classes = '{class com.converter.converter.auth.AuthenticationApplication}', contextInitializerClasses = '[]', activeProfiles = '{}', propertySourceLocations = '{}', propertySourceProperties = '{org.springframework.boot.test.context.SpringBootTestContextBootstrapper=true}', contextCustomizers = set[org.springframework.boot.test.context.filter.ExcludeFilterContextCustomizer@329dbdbf, org.springframework.boot.test.json.DuplicateJsonObjectContextCustomizerFactory$DuplicateJsonObjectContextCustomizer@4ef782af, org.springframework.boot.test.mock.mockito.MockitoContextCustomizer@0, org.springframework.boot.test.web.client.TestRestTemplateContextCustomizer@48c76607, org.springframework.boot.test.autoconfigure.actuate.metrics.MetricsExportContextCustomizerFactory$DisableMetricExportContextCustomizer@26df6e3a, org.springframework.boot.test.autoconfigure.properties.PropertyMappingContextCustomizer@0, org.springframework.boot.test.autoconfigure.web.servlet.WebDriverContextCustomizerFactory$Customizer@14008db3, org.springframework.boot.test.context.SpringBootTestArgs@1, org.springframework.boot.test.context.SpringBootTestWebEnvironment@59906517], resourceBasePath = 'src/main/webapp', contextLoader = 'org.springframework.boot.test.context.SpringBootContextLoader', parent = [null]], attributes = map['org.springframework.test.context.web.ServletTestExecutionListener.activateListener' -> true, 'org.springframework.test.context.web.ServletTestExecutionListener.populatedRequestContextHolder' -> true, 'org.springframework.test.context.web.ServletTestExecutionListener.resetRequestContextHolder' -> true, 'org.springframework.test.context.event.ApplicationEventsTestExecutionListener.recordApplicationEvents' -> false]]
]]></system-out>
  </testcase>
  <testcase name="findUserByBirthdayTest" classname="com.converter.converter.auth.UserServiceTest" time="0.471"/>
  <testcase name="findUserByCreatedTest" classname="com.converter.converter.auth.UserServiceTest" time="0.461"/>
  <testcase name="findUserByNameAndSurnameAndPatronymicTest" classname="com.converter.converter.auth.UserServiceTest" time="0.02"/>
  <testcase name="deleteUserByIdAndLoginTest" classname="com.converter.converter.auth.UserServiceTest" time="0.028"/>
  <testcase name="findUserByGenderTest" classname="com.converter.converter.auth.UserServiceTest" time="0.023"/>
  <testcase name="findUserByMailTest" classname="com.converter.converter.auth.UserServiceTest" time="0.018"/>
  <testcase name="findAllTest" classname="com.converter.converter.auth.UserServiceTest" time="0.025"/>
  <testcase name="findUserByLoginTest" classname="com.converter.converter.auth.UserServiceTest" time="0.019"/>
  <testcase name="findUserByIdTest" classname="com.converter.converter.auth.UserServiceTest" time="0.241"/>
  <testcase name="findUserByAgeTest" classname="com.converter.converter.auth.UserServiceTest" time="0.018"/>
  <testcase name="updateUserTest" classname="com.converter.converter.auth.UserServiceTest" time="0.032"/>
  <testcase name="createTest" classname="com.converter.converter.auth.UserServiceTest" time="0.479"/>
  <testcase name="findUserByEnableTest" classname="com.converter.converter.auth.UserServiceTest" time="0.02"/>
</testsuite>